[debug] [2020-05-06T08:33:42.038Z] ----------------------------------------------------------------------
[debug] [2020-05-06T08:33:42.040Z] Command:       /usr/bin/node /usr/local/bin/firebase deploy
[debug] [2020-05-06T08:33:42.040Z] CLI Version:   7.15.1
[debug] [2020-05-06T08:33:42.040Z] Platform:      linux
[debug] [2020-05-06T08:33:42.040Z] Node Version:  v10.19.0
[debug] [2020-05-06T08:33:42.044Z] Time:          Wed May 06 2020 10:33:42 GMT+0200 (Central European Summer Time)
[debug] [2020-05-06T08:33:42.044Z] ----------------------------------------------------------------------
[debug] [2020-05-06T08:33:42.044Z] 
[debug] [2020-05-06T08:33:42.063Z] > command requires scopes: ["email","openid","https://www.googleapis.com/auth/cloudplatformprojects.readonly","https://www.googleapis.com/auth/firebase","https://www.googleapis.com/auth/cloud-platform"]
[debug] [2020-05-06T08:33:42.064Z] > authorizing via signed-in user
[debug] [2020-05-06T08:33:42.064Z] [iam] checking project aoe-td2 for permissions ["cloudfunctions.functions.create","cloudfunctions.functions.delete","cloudfunctions.functions.get","cloudfunctions.functions.list","cloudfunctions.functions.update","cloudfunctions.operations.get","datastore.indexes.create","datastore.indexes.delete","datastore.indexes.list","datastore.indexes.update","firebase.projects.get","firebasedatabase.instances.update","firebasehosting.sites.update","firebaserules.releases.create","firebaserules.releases.update","firebaserules.rulesets.create"]
[debug] [2020-05-06T08:33:42.066Z] > refreshing access token with scopes: ["email","https://www.googleapis.com/auth/cloud-platform","https://www.googleapis.com/auth/cloudplatformprojects.readonly","https://www.googleapis.com/auth/firebase","openid"]
[debug] [2020-05-06T08:33:42.066Z] >>> HTTP REQUEST POST https://www.googleapis.com/oauth2/v3/token  
 <request body omitted>
[debug] [2020-05-06T08:33:42.162Z] <<< HTTP RESPONSE 200
[debug] [2020-05-06T08:33:42.169Z] >>> HTTP REQUEST POST https://cloudresourcemanager.googleapis.com/v1/projects/aoe-td2:testIamPermissions  

[debug] [2020-05-06T08:33:43.063Z] <<< HTTP RESPONSE 200
[debug] [2020-05-06T08:33:43.069Z] >>> HTTP REQUEST GET https://firebase.googleapis.com/v1beta1/projects/aoe-td2  
 
[debug] [2020-05-06T08:33:43.326Z] <<< HTTP RESPONSE 200
[info] 
[info] === Deploying to 'aoe-td2'...
[info] 
[info] i  deploying database, storage, firestore, functions, hosting
[info] Running command: npm --prefix "$RESOURCE_DIR" run lint
[info] ✔  functions: Finished running predeploy script.
[info] i  database: checking rules syntax...
[debug] [2020-05-06T08:33:51.561Z] >>> HTTP REQUEST PUT https://aoe-td2.firebaseio.com/.settings/rules.json?dryRun=true  
 {
  /* Visit https://firebase.google.com/docs/database/security to learn more about security rules. */
  "rules": {
    ".read": false,
    ".write": false
  }
}
[debug] [2020-05-06T08:33:52.422Z] <<< HTTP RESPONSE 200
[info] ✔  database: rules syntax for database aoe-td2 is valid
[debug] [2020-05-06T08:33:52.429Z] >>> HTTP REQUEST GET https://appengine.googleapis.com/v1/apps/aoe-td2  
 
[debug] [2020-05-06T08:33:53.659Z] <<< HTTP RESPONSE 200
[info] i  firebase.storage: checking storage.rules for compilation errors...
[debug] [2020-05-06T08:33:53.681Z] >>> HTTP REQUEST POST https://firebaserules.googleapis.com/v1/projects/aoe-td2:test  

[debug] [2020-05-06T08:33:54.747Z] <<< HTTP RESPONSE 200
[warn] ⚠  [W] undefined:undefined - Ruleset uses old version (version [1]). Please update to the latest version (version [2]).
[info] ✔  firebase.storage: rules file storage.rules compiled successfully
[info] i  firestore: reading indexes from firestore.indexes.json...
[info] i  cloud.firestore: checking firestore.rules for compilation errors...
[debug] [2020-05-06T08:33:54.763Z] >>> HTTP REQUEST POST https://firebaserules.googleapis.com/v1/projects/aoe-td2:test  

[debug] [2020-05-06T08:33:54.991Z] <<< HTTP RESPONSE 200
[warn] ⚠  [W] undefined:undefined - Ruleset uses old version (version [1]). Please update to the latest version (version [2]).
[info] ✔  cloud.firestore: rules file firestore.rules compiled successfully
[debug] [2020-05-06T08:33:54.994Z] > [functions] package.json contents: {
  "name": "functions",
  "description": "Cloud Functions for Firebase",
  "scripts": {
    "lint": "eslint .",
    "serve": "firebase emulators:start --only functions",
    "shell": "firebase functions:shell",
    "start": "npm run shell",
    "deploy": "firebase deploy --only functions",
    "logs": "firebase functions:log"
  },
  "engines": {
    "node": "8"
  },
  "dependencies": {
    "firebase-admin": "^8.6.0",
    "firebase-functions": "^3.3.0",
    "axios": "^0.19.2"
  },
  "devDependencies": {
    "eslint": "^5.12.0",
    "eslint-plugin-promise": "^4.0.1",
    "firebase-functions-test": "^0.1.6"
  },
  "private": true
}
[info] i  functions: ensuring necessary APIs are enabled...
[debug] [2020-05-06T08:33:54.995Z] >>> HTTP REQUEST GET https://serviceusage.googleapis.com/v1/projects/aoe-td2/services/cloudfunctions.googleapis.com  
 
[debug] [2020-05-06T08:33:54.995Z] >>> HTTP REQUEST GET https://serviceusage.googleapis.com/v1/projects/aoe-td2/services/runtimeconfig.googleapis.com  
 
[debug] [2020-05-06T08:33:56.009Z] <<< HTTP RESPONSE 200
[debug] [2020-05-06T08:33:56.027Z] <<< HTTP RESPONSE 200
[info] ✔  functions: all necessary APIs are enabled
[debug] [2020-05-06T08:33:56.029Z] >>> HTTP REQUEST GET https://firebase.googleapis.com/v1beta1/projects/aoe-td2/adminSdkConfig  
 
[debug] [2020-05-06T08:33:56.250Z] <<< HTTP RESPONSE 200
[debug] [2020-05-06T08:33:56.253Z] >>> HTTP REQUEST POST https://firebasehosting.googleapis.com/v1beta1/sites/aoe-td2/versions  

[debug] [2020-05-06T08:33:57.908Z] <<< HTTP RESPONSE 200
[debug] [2020-05-06T08:33:57.911Z] >>> HTTP REQUEST GET https://firebaserules.googleapis.com/v1/projects/aoe-td2/releases?pageSize=10&pageToken=  
 
[debug] [2020-05-06T08:33:58.886Z] <<< HTTP RESPONSE 200
[debug] [2020-05-06T08:33:58.890Z] >>> HTTP REQUEST GET https://firebaserules.googleapis.com/v1/projects/aoe-td2/rulesets/fdc27ab1-5339-442c-b9ca-d2b46921f4e9  
 
[debug] [2020-05-06T08:33:59.856Z] <<< HTTP RESPONSE 200
[info] i  storage: latest version of storage.rules already up to date, skipping upload...
[debug] [2020-05-06T08:33:59.862Z] >>> HTTP REQUEST GET https://firebaserules.googleapis.com/v1/projects/aoe-td2/releases?pageSize=10&pageToken=  
 
[debug] [2020-05-06T08:33:59.862Z] >>> HTTP REQUEST GET https://firestore.googleapis.com/v1beta2/projects/aoe-td2/databases/(default)/collectionGroups/-/indexes  
 
[debug] [2020-05-06T08:34:00.240Z] <<< HTTP RESPONSE 200
[debug] [2020-05-06T08:34:00.241Z] >>> HTTP REQUEST GET https://firestore.googleapis.com/v1beta2/projects/aoe-td2/databases/(default)/collectionGroups/-/fields?filter=indexConfig.usesAncestorConfig=false  
 
[debug] [2020-05-06T08:34:00.603Z] <<< HTTP RESPONSE 200
[info] ✔  firestore: deployed indexes in firestore.indexes.json successfully
[debug] [2020-05-06T08:34:00.823Z] <<< HTTP RESPONSE 200
[debug] [2020-05-06T08:34:00.824Z] >>> HTTP REQUEST GET https://firebaserules.googleapis.com/v1/projects/aoe-td2/rulesets/135ceae8-18a6-420a-bde0-b2ab3804db32  
 
[debug] [2020-05-06T08:34:01.786Z] <<< HTTP RESPONSE 200
[info] i  firestore: latest version of firestore.rules already up to date, skipping upload...
[info] i  functions: preparing functions directory for uploading...
[debug] [2020-05-06T08:34:01.796Z] >>> HTTP REQUEST GET https://runtimeconfig.googleapis.com/v1beta1/projects/aoe-td2/configs  
 
[debug] [2020-05-06T08:34:02.059Z] <<< HTTP RESPONSE 200
[info] i  functions: packaged functions (42.28 KB) for uploading
[debug] [2020-05-06T08:34:02.575Z] >>> HTTP REQUEST POST https://cloudfunctions.googleapis.com/v1/projects/aoe-td2/locations/us-central1/functions:generateUploadUrl  
 
[debug] [2020-05-06T08:34:03.787Z] <<< HTTP RESPONSE 200
[debug] [2020-05-06T08:34:03.789Z] >>> HTTP REQUEST PUT https://storage.googleapis.com/gcf-upload-us-central1-265916a5-4203-4de1-a73d-9cbf5a51a554/a82be0c0-ec1f-405b-90d5-87411adba2e6.zip?GoogleAccessId=service-620222783730@gcf-admin-robot.iam.gserviceaccount.com&Expires=1588755842&Signature=UA2%2B6MNJbxmDbl5VIEquiqwx622NJvTZy0ZWjSA8B9F7rgEegCuJpEtmWX%2FJRiOmI32Jq0PuY0cfkdNmcduppJLWZEgxAlej0gmQxGxUt5YxVOa2pR9Z8idH98ckweQMuR7siGstPJuaFabQ0b4waEHYoOr7iQ1VCL4esMSHLnPCSn0XJorTITY4jD2DzNJGK5xyMWenR2mj8aXiKCEEZ5Xv6dZt9A%2FKfwfk7k97jfZTLIzsnJtTTdmhxghlp2H4iz31krT1gaybCJkIim%2B1a3oo9BQRhIfavUq1Pg2Dv7KcdtjQRDpJPdtXQVnP%2FUXWN%2BnabmkqpUeaFF8tnJLqsw%3D%3D  
 <request body omitted>
[debug] [2020-05-06T08:34:04.092Z] <<< HTTP RESPONSE 200
[info] ✔  functions: functions folder uploaded successfully
[info] i  hosting[aoe-td2]: beginning deploy...
[info] i  hosting[aoe-td2]: found 16 files in build
[debug] [2020-05-06T08:34:04.619Z] [hosting] hash cache [YnVpbGQ] stored for 16 files
[debug] [2020-05-06T08:34:04.619Z] [hosting][hash queue][FINAL]
[debug] [2020-05-06T08:34:04.619Z] >>> HTTP REQUEST POST https://firebasehosting.googleapis.com/v1beta1/sites/aoe-td2/versions/91fcfbf9b3b3e5ef:populateFiles  
 <request body omitted>
[debug] [2020-05-06T08:34:05.873Z] <<< HTTP RESPONSE 200
[debug] [2020-05-06T08:34:05.890Z] [hosting][populate queue][FINAL]
[debug] [2020-05-06T08:34:05.890Z] [hosting] uploads queued: 10
[debug] [2020-05-06T08:34:08.636Z] [hosting][upload queue][FINAL]
[info] ✔  hosting[aoe-td2]: file upload complete
[debug] [2020-05-06T08:34:08.638Z] [hosting] deploy completed after 4544ms
[info] i  database: releasing rules...
[debug] [2020-05-06T08:34:08.698Z] >>> HTTP REQUEST PUT https://aoe-td2.firebaseio.com/.settings/rules.json  
 {
  /* Visit https://firebase.google.com/docs/database/security to learn more about security rules. */
  "rules": {
    ".read": false,
    ".write": false
  }
}
[debug] [2020-05-06T08:34:09.470Z] <<< HTTP RESPONSE 200
[info] ✔  database: rules for database aoe-td2 released successfully
[debug] [2020-05-06T08:34:09.472Z] [rules] releasing firebase.storage/aoe-td2.appspot.com with ruleset projects/aoe-td2/rulesets/fdc27ab1-5339-442c-b9ca-d2b46921f4e9
[debug] [2020-05-06T08:34:09.473Z] >>> HTTP REQUEST PATCH https://firebaserules.googleapis.com/v1/projects/aoe-td2/releases/firebase.storage/aoe-td2.appspot.com  

[debug] [2020-05-06T08:34:10.017Z] <<< HTTP RESPONSE 200
[debug] [2020-05-06T08:34:10.017Z] [rules] updated release projects/aoe-td2/releases/firebase.storage/aoe-td2.appspot.com
[info] ✔  storage: released rules storage.rules to firebase.storage
[debug] [2020-05-06T08:34:10.020Z] [rules] releasing cloud.firestore with ruleset projects/aoe-td2/rulesets/135ceae8-18a6-420a-bde0-b2ab3804db32
[debug] [2020-05-06T08:34:10.021Z] >>> HTTP REQUEST PATCH https://firebaserules.googleapis.com/v1/projects/aoe-td2/releases/cloud.firestore  

[debug] [2020-05-06T08:34:11.160Z] <<< HTTP RESPONSE 200
[debug] [2020-05-06T08:34:11.161Z] [rules] updated release projects/aoe-td2/releases/cloud.firestore
[info] ✔  firestore: released rules firestore.rules to cloud.firestore
[debug] [2020-05-06T08:34:11.167Z] >>> HTTP REQUEST GET https://cloudfunctions.googleapis.com/v1/projects/aoe-td2/locations/-/functions  
 
[debug] [2020-05-06T08:34:11.770Z] <<< HTTP RESPONSE 200
[info] i  functions: updating Node.js 8 function API_PROXY(us-central1)...
[debug] [2020-05-06T08:34:11.776Z] Trigger is:  {"httpsTrigger":{}}
[debug] [2020-05-06T08:34:11.778Z] >>> HTTP REQUEST GET https://serviceusage.googleapis.com/v1/projects/aoe-td2/services/cloudscheduler.googleapis.com  
 
[debug] [2020-05-06T08:34:12.815Z] <<< HTTP RESPONSE 200
[debug] [2020-05-06T08:34:12.817Z] >>> HTTP REQUEST PATCH https://cloudfunctions.googleapis.com/v1/projects/aoe-td2/locations/us-central1/functions/API_PROXY {"updateMask":"sourceUploadUrl,name,labels,runtime,httpsTrigger"} 

[debug] [2020-05-06T08:34:13.486Z] <<< HTTP RESPONSE 200
[debug] [2020-05-06T08:34:13.489Z] >>> HTTP REQUEST GET https://cloudfunctions.googleapis.com/v1/projects/aoe-td2/locations/-/functions  
 
[debug] [2020-05-06T08:34:14.078Z] <<< HTTP RESPONSE 200
[debug] [2020-05-06T08:34:14.079Z] >>> HTTP REQUEST GET https://cloudfunctions.googleapis.com/v1/operations/YW9lLXRkMi91cy1jZW50cmFsMS9BUElfUFJPWFkvT2QtWXZfMWRMTEE  
 
[debug] [2020-05-06T08:34:14.330Z] <<< HTTP RESPONSE 200
[debug] [2020-05-06T08:34:16.330Z] >>> HTTP REQUEST GET https://cloudfunctions.googleapis.com/v1/operations/YW9lLXRkMi91cy1jZW50cmFsMS9BUElfUFJPWFkvT2QtWXZfMWRMTEE  
 
[debug] [2020-05-06T08:34:16.753Z] <<< HTTP RESPONSE 200
[debug] [2020-05-06T08:34:18.757Z] >>> HTTP REQUEST GET https://cloudfunctions.googleapis.com/v1/operations/YW9lLXRkMi91cy1jZW50cmFsMS9BUElfUFJPWFkvT2QtWXZfMWRMTEE  
 
[debug] [2020-05-06T08:34:19.189Z] <<< HTTP RESPONSE 200
[debug] [2020-05-06T08:34:21.189Z] >>> HTTP REQUEST GET https://cloudfunctions.googleapis.com/v1/operations/YW9lLXRkMi91cy1jZW50cmFsMS9BUElfUFJPWFkvT2QtWXZfMWRMTEE  
 
[debug] [2020-05-06T08:34:21.441Z] <<< HTTP RESPONSE 200
[debug] [2020-05-06T08:34:23.443Z] >>> HTTP REQUEST GET https://cloudfunctions.googleapis.com/v1/operations/YW9lLXRkMi91cy1jZW50cmFsMS9BUElfUFJPWFkvT2QtWXZfMWRMTEE  
 
[debug] [2020-05-06T08:34:23.909Z] <<< HTTP RESPONSE 200
[debug] [2020-05-06T08:34:25.909Z] >>> HTTP REQUEST GET https://cloudfunctions.googleapis.com/v1/operations/YW9lLXRkMi91cy1jZW50cmFsMS9BUElfUFJPWFkvT2QtWXZfMWRMTEE  
 
[debug] [2020-05-06T08:34:26.362Z] <<< HTTP RESPONSE 200
[debug] [2020-05-06T08:34:28.364Z] >>> HTTP REQUEST GET https://cloudfunctions.googleapis.com/v1/operations/YW9lLXRkMi91cy1jZW50cmFsMS9BUElfUFJPWFkvT2QtWXZfMWRMTEE  
 
[debug] [2020-05-06T08:34:28.646Z] <<< HTTP RESPONSE 200
[debug] [2020-05-06T08:34:30.647Z] >>> HTTP REQUEST GET https://cloudfunctions.googleapis.com/v1/operations/YW9lLXRkMi91cy1jZW50cmFsMS9BUElfUFJPWFkvT2QtWXZfMWRMTEE  
 
[debug] [2020-05-06T08:34:31.072Z] <<< HTTP RESPONSE 200
[debug] [2020-05-06T08:34:33.073Z] >>> HTTP REQUEST GET https://cloudfunctions.googleapis.com/v1/operations/YW9lLXRkMi91cy1jZW50cmFsMS9BUElfUFJPWFkvT2QtWXZfMWRMTEE  
 
[debug] [2020-05-06T08:34:33.532Z] <<< HTTP RESPONSE 200
[debug] [2020-05-06T08:34:35.533Z] >>> HTTP REQUEST GET https://cloudfunctions.googleapis.com/v1/operations/YW9lLXRkMi91cy1jZW50cmFsMS9BUElfUFJPWFkvT2QtWXZfMWRMTEE  
 
[debug] [2020-05-06T08:34:36.008Z] <<< HTTP RESPONSE 200
[debug] [2020-05-06T08:34:38.009Z] >>> HTTP REQUEST GET https://cloudfunctions.googleapis.com/v1/operations/YW9lLXRkMi91cy1jZW50cmFsMS9BUElfUFJPWFkvT2QtWXZfMWRMTEE  
 
[debug] [2020-05-06T08:34:38.230Z] <<< HTTP RESPONSE 200
[debug] [2020-05-06T08:34:40.231Z] >>> HTTP REQUEST GET https://cloudfunctions.googleapis.com/v1/operations/YW9lLXRkMi91cy1jZW50cmFsMS9BUElfUFJPWFkvT2QtWXZfMWRMTEE  
 
[debug] [2020-05-06T08:34:40.655Z] <<< HTTP RESPONSE 200
[debug] [2020-05-06T08:34:42.656Z] >>> HTTP REQUEST GET https://cloudfunctions.googleapis.com/v1/operations/YW9lLXRkMi91cy1jZW50cmFsMS9BUElfUFJPWFkvT2QtWXZfMWRMTEE  
 
[debug] [2020-05-06T08:34:43.082Z] <<< HTTP RESPONSE 200
[debug] [2020-05-06T08:34:45.084Z] >>> HTTP REQUEST GET https://cloudfunctions.googleapis.com/v1/operations/YW9lLXRkMi91cy1jZW50cmFsMS9BUElfUFJPWFkvT2QtWXZfMWRMTEE  
 
[debug] [2020-05-06T08:34:45.312Z] <<< HTTP RESPONSE 200
[debug] [2020-05-06T08:34:47.313Z] >>> HTTP REQUEST GET https://cloudfunctions.googleapis.com/v1/operations/YW9lLXRkMi91cy1jZW50cmFsMS9BUElfUFJPWFkvT2QtWXZfMWRMTEE  
 
[debug] [2020-05-06T08:34:47.558Z] <<< HTTP RESPONSE 200
[debug] [2020-05-06T08:34:49.560Z] >>> HTTP REQUEST GET https://cloudfunctions.googleapis.com/v1/operations/YW9lLXRkMi91cy1jZW50cmFsMS9BUElfUFJPWFkvT2QtWXZfMWRMTEE  
 
[debug] [2020-05-06T08:34:49.783Z] <<< HTTP RESPONSE 200
[debug] [2020-05-06T08:34:51.784Z] >>> HTTP REQUEST GET https://cloudfunctions.googleapis.com/v1/operations/YW9lLXRkMi91cy1jZW50cmFsMS9BUElfUFJPWFkvT2QtWXZfMWRMTEE  
 
[debug] [2020-05-06T08:34:52.219Z] <<< HTTP RESPONSE 200
[debug] [2020-05-06T08:34:54.220Z] >>> HTTP REQUEST GET https://cloudfunctions.googleapis.com/v1/operations/YW9lLXRkMi91cy1jZW50cmFsMS9BUElfUFJPWFkvT2QtWXZfMWRMTEE  
 
[debug] [2020-05-06T08:34:54.629Z] <<< HTTP RESPONSE 200
[debug] [2020-05-06T08:34:56.630Z] >>> HTTP REQUEST GET https://cloudfunctions.googleapis.com/v1/operations/YW9lLXRkMi91cy1jZW50cmFsMS9BUElfUFJPWFkvT2QtWXZfMWRMTEE  
 
[debug] [2020-05-06T08:34:57.062Z] <<< HTTP RESPONSE 200
[info] ✔  functions[API_PROXY(us-central1)]: Successful update operation. 
[debug] [2020-05-08T14:51:26.378Z] [
  {
    "config": {
      "public": "build",
      "ignore": [
        "firebase.json",
        "**/.*",
        "**/node_modules/**"
      ],
      "rewrites": [
        {
          "source": "**",
          "destination": "/index.html"
        }
      ],
      "site": "aoe-td2"
    },
    "site": "aoe-td2",
    "version": "sites/aoe-td2/versions/91fcfbf9b3b3e5ef"
  }
]
[info] i  hosting[aoe-td2]: finalizing version...
[debug] [2020-05-08T14:51:26.379Z] > refreshing access token with scopes: ["email","https://www.googleapis.com/auth/cloud-platform","https://www.googleapis.com/auth/cloudplatformprojects.readonly","https://www.googleapis.com/auth/firebase","openid"]
[debug] [2020-05-08T14:51:26.380Z] >>> HTTP REQUEST POST https://www.googleapis.com/oauth2/v3/token  
 <request body omitted>
[debug] [2020-05-08T14:51:26.473Z] <<< HTTP RESPONSE 200
[debug] [2020-05-08T14:51:26.479Z] >>> HTTP REQUEST PATCH https://firebasehosting.googleapis.com/v1beta1/sites/aoe-td2/versions/91fcfbf9b3b3e5ef?updateMask=status  

